[debug] [2023-04-10T17:35:30.366Z] ----------------------------------------------------------------------
[debug] [2023-04-10T17:35:30.368Z] Command:       C:\Program Files\nodejs\node.exe C:\Users\ashwi\AppData\Roaming\npm\node_modules\firebase-tools\lib\bin\firebase.js init
[debug] [2023-04-10T17:35:30.369Z] CLI Version:   11.24.1
[debug] [2023-04-10T17:35:30.369Z] Platform:      win32
[debug] [2023-04-10T17:35:30.369Z] Node Version:  v18.13.0
[debug] [2023-04-10T17:35:30.370Z] Time:          Mon Apr 10 2023 23:05:30 GMT+0530 (India Standard Time)
[debug] [2023-04-10T17:35:30.370Z] ----------------------------------------------------------------------
[debug] 
[debug] [2023-04-10T17:35:30.374Z] >>> [apiv2][query] GET https://firebase-public.firebaseio.com/cli.json [none]
[debug] [2023-04-10T17:35:30.478Z] > command requires scopes: ["email","openid","https://www.googleapis.com/auth/cloudplatformprojects.readonly","https://www.googleapis.com/auth/firebase","https://www.googleapis.com/auth/cloud-platform"]
[debug] [2023-04-10T17:35:30.478Z] > authorizing via signed-in user (ashwinsuresh1000@gmail.com)
[info] 
     ######## #### ########  ######## ########     ###     ######  ########
     ##        ##  ##     ## ##       ##     ##  ##   ##  ##       ##
     ######    ##  ########  ######   ########  #########  ######  ######
     ##        ##  ##    ##  ##       ##     ## ##     ##       ## ##
     ##       #### ##     ## ######## ########  ##     ##  ######  ########

You're about to initialize a Firebase project in this directory:

  C:\Projects\new-notes-app

Before we get started, keep in mind:

  * You are currently outside your home directory
  * You are initializing within an existing Firebase project directory

[debug] [2023-04-10T17:35:31.081Z] <<< [apiv2][status] GET https://firebase-public.firebaseio.com/cli.json 200
[debug] [2023-04-10T17:35:31.082Z] <<< [apiv2][body] GET https://firebase-public.firebaseio.com/cli.json {"cloudBuildErrorAfter":1594252800000,"cloudBuildWarnAfter":1590019200000,"defaultNode10After":1594252800000,"minVersion":"3.0.5","node8DeploysDisabledAfter":1613390400000,"node8RuntimeDisabledAfter":1615809600000,"node8WarnAfter":1600128000000}
[info] 
=== Project Setup
[info] 
[info] First, let's associate this project directory with a Firebase project.
[info] You can create multiple project aliases by running firebase use --add, 
[info] but for now we'll just set up a default project.
[info] 
[debug] [2023-04-10T17:36:27.570Z] Using project from CLI flag: notes-app-89811
[debug] [2023-04-10T17:36:27.571Z] > refreshing access token with scopes: []
[debug] [2023-04-10T17:36:27.572Z] >>> [apiv2][query] POST https://www.googleapis.com/oauth2/v3/token [none]
[debug] [2023-04-10T17:36:27.572Z] >>> [apiv2][body] POST https://www.googleapis.com/oauth2/v3/token [omitted]
[debug] [2023-04-10T17:36:27.761Z] <<< [apiv2][status] POST https://www.googleapis.com/oauth2/v3/token 200
[debug] [2023-04-10T17:36:27.761Z] <<< [apiv2][body] POST https://www.googleapis.com/oauth2/v3/token [omitted]
[debug] [2023-04-10T17:36:27.769Z] >>> [apiv2][query] GET https://firebase.googleapis.com/v1beta1/projects/notes-app-89811 [none]
[debug] [2023-04-10T17:36:28.205Z] <<< [apiv2][status] GET https://firebase.googleapis.com/v1beta1/projects/notes-app-89811 200
[debug] [2023-04-10T17:36:28.206Z] <<< [apiv2][body] GET https://firebase.googleapis.com/v1beta1/projects/notes-app-89811 {"projectId":"notes-app-89811","projectNumber":"768023913207","displayName":"Notes App","name":"projects/notes-app-89811","resources":{"hostingSite":"notes-app-89811"},"state":"ACTIVE","etag":"1_e8b63b34-97f5-40e4-9d29-974708098b2f"}
[info] i  Using project notes-app-89811 (Notes App) 
[info] 
=== Hosting Setup
[info] 
[info] Your public directory is the folder (relative to your project directory) that
[info] will contain Hosting assets to be uploaded with firebase deploy. If you
[info] have a build process for your assets, use your build's output directory.
[info] 
